15/10/2018 15:16:31 (Std) 	+-+-+-+-+-+-+-+-+-+-+-+-+-+-+-+-+-+-+-+-+-+-+-+-+-+-+-+-+-+-+-+-+-+-+-+-+-+-+-+
15/10/2018 15:16:31 (Std) 	+                     Crazy Eddie's GUI System - Event log                    +
15/10/2018 15:16:31 (Std) 	+                          (http://www.cegui.org.uk/)                         +
15/10/2018 15:16:31 (Std) 	+-+-+-+-+-+-+-+-+-+-+-+-+-+-+-+-+-+-+-+-+-+-+-+-+-+-+-+-+-+-+-+-+-+-+-+-+-+-+-+

15/10/2018 15:16:31 (Std) 	CEGUI::Logger singleton created. (0x1383d10)
15/10/2018 15:16:31 (Std) 	
15/10/2018 15:16:31 (Std) 	********************************************************************************
15/10/2018 15:16:31 (Std) 	* Important:                                                                   *
15/10/2018 15:16:31 (Std) 	*     To get support at the CEGUI forums, you must post _at least_ the section *
15/10/2018 15:16:31 (Std) 	*     of this log file indicated below.  Failure to do this will result in no  *
15/10/2018 15:16:31 (Std) 	*     support being given; please do not waste our time.                       *
15/10/2018 15:16:31 (Std) 	********************************************************************************
15/10/2018 15:16:31 (Std) 	********************************************************************************
15/10/2018 15:16:31 (Std) 	* -------- START OF ESSENTIAL SECTION TO BE POSTED ON THE FORUM       -------- *
15/10/2018 15:16:31 (Std) 	********************************************************************************
15/10/2018 15:16:31 (Std) 	---- Version: 0.8.7 (Build: Oct  6 2017 GNU/Linux g++ 5.4.0 20160609 64 bit) ----
15/10/2018 15:16:31 (Std) 	---- Renderer module is: CEGUI::OgreRenderer - Official OGRE based 2nd generation renderer module. ----
15/10/2018 15:16:31 (Std) 	---- XML Parser module is: CEGUI::ExpatParser - Official expat based parser module for CEGUI ----
15/10/2018 15:16:31 (Std) 	---- Image Codec module is: OgreImageCodec - Integrated ImageCodec using the Ogre engine. ----
15/10/2018 15:16:31 (Std) 	---- Scripting module is: None ----
15/10/2018 15:16:31 (Std) 	********************************************************************************
15/10/2018 15:16:31 (Std) 	* -------- END OF ESSENTIAL SECTION TO BE POSTED ON THE FORUM         -------- *
15/10/2018 15:16:31 (Std) 	********************************************************************************
15/10/2018 15:16:31 (Std) 	
15/10/2018 15:16:31 (Std) 	---- Begining CEGUI System initialisation ----
15/10/2018 15:16:31 (Std) 	[CEGUI::ImageManager] Singleton created (0x1389c50)
15/10/2018 15:16:31 (Std) 	[CEGUI::ImageManager] Registered Image type: BasicImage
15/10/2018 15:16:31 (Std) 	CEGUI::FontManager singleton created. (0x1385bd0)
15/10/2018 15:16:31 (Std) 	CEGUI::WindowFactoryManager singleton created
15/10/2018 15:16:31 (Std) 	CEGUI::WindowManager singleton created (0x1385d00)
15/10/2018 15:16:31 (Std) 	CEGUI::SchemeManager singleton created. (0x1385d90)
15/10/2018 15:16:31 (Std) 	CEGUI::GlobalEventSet singleton created. (0x1385aa0)
15/10/2018 15:16:31 (Std) 	CEGUI::AnimationManager singleton created (0x13849c0)
15/10/2018 15:16:31 (Std) 	CEGUI::WidgetLookManager singleton created. (0x1384bb0)
15/10/2018 15:16:31 (Std) 	CEGUI::WindowRendererManager singleton created (0x1385fa0)
15/10/2018 15:16:31 (Std) 	CEGUI::RenderEffectManager singleton created (0x138a960)
15/10/2018 15:16:31 (Std) 	Created WindowFactory for 'DefaultWindow' windows.
15/10/2018 15:16:31 (Std) 	WindowFactory for 'DefaultWindow' windows added. (0x138c8e0)
15/10/2018 15:16:31 (Std) 	Created WindowFactory for 'DragContainer' windows.
15/10/2018 15:16:31 (Std) 	WindowFactory for 'DragContainer' windows added. (0x138c9c0)
15/10/2018 15:16:31 (Std) 	Created WindowFactory for 'ScrolledContainer' windows.
15/10/2018 15:16:31 (Std) 	WindowFactory for 'ScrolledContainer' windows added. (0x138cbe0)
15/10/2018 15:16:31 (Std) 	Created WindowFactory for 'ClippedContainer' windows.
15/10/2018 15:16:31 (Std) 	WindowFactory for 'ClippedContainer' windows added. (0x138ceb0)
15/10/2018 15:16:31 (Std) 	Created WindowFactory for 'CEGUI/PushButton' windows.
15/10/2018 15:16:31 (Std) 	WindowFactory for 'CEGUI/PushButton' windows added. (0x138d050)
15/10/2018 15:16:31 (Std) 	Created WindowFactory for 'CEGUI/RadioButton' windows.
15/10/2018 15:16:31 (Std) 	WindowFactory for 'CEGUI/RadioButton' windows added. (0x138d1f0)
15/10/2018 15:16:31 (Std) 	Created WindowFactory for 'CEGUI/Combobox' windows.
15/10/2018 15:16:31 (Std) 	WindowFactory for 'CEGUI/Combobox' windows added. (0x138d2b0)
15/10/2018 15:16:31 (Std) 	Created WindowFactory for 'CEGUI/ComboDropList' windows.
15/10/2018 15:16:31 (Std) 	WindowFactory for 'CEGUI/ComboDropList' windows added. (0x138d5d0)
15/10/2018 15:16:31 (Std) 	Created WindowFactory for 'CEGUI/Editbox' windows.
15/10/2018 15:16:31 (Std) 	WindowFactory for 'CEGUI/Editbox' windows added. (0x138d770)
15/10/2018 15:16:31 (Std) 	Created WindowFactory for 'CEGUI/FrameWindow' windows.
15/10/2018 15:16:31 (Std) 	WindowFactory for 'CEGUI/FrameWindow' windows added. (0x138d910)
15/10/2018 15:16:31 (Std) 	Created WindowFactory for 'CEGUI/ItemEntry' windows.
15/10/2018 15:16:31 (Std) 	WindowFactory for 'CEGUI/ItemEntry' windows added. (0x138dab0)
15/10/2018 15:16:31 (Std) 	Created WindowFactory for 'CEGUI/Listbox' windows.
15/10/2018 15:16:31 (Std) 	WindowFactory for 'CEGUI/Listbox' windows added. (0x138dc50)
15/10/2018 15:16:31 (Std) 	Created WindowFactory for 'CEGUI/ListHeader' windows.
15/10/2018 15:16:31 (Std) 	WindowFactory for 'CEGUI/ListHeader' windows added. (0x138ddf0)
15/10/2018 15:16:31 (Std) 	Created WindowFactory for 'CEGUI/ListHeaderSegment' windows.
15/10/2018 15:16:31 (Std) 	WindowFactory for 'CEGUI/ListHeaderSegment' windows added. (0x138df90)
15/10/2018 15:16:31 (Std) 	Created WindowFactory for 'CEGUI/Menubar' windows.
15/10/2018 15:16:31 (Std) 	WindowFactory for 'CEGUI/Menubar' windows added. (0x138e130)
15/10/2018 15:16:31 (Std) 	Created WindowFactory for 'CEGUI/PopupMenu' windows.
15/10/2018 15:16:31 (Std) 	WindowFactory for 'CEGUI/PopupMenu' windows added. (0x138e2d0)
15/10/2018 15:16:31 (Std) 	Created WindowFactory for 'CEGUI/MenuItem' windows.
15/10/2018 15:16:31 (Std) 	WindowFactory for 'CEGUI/MenuItem' windows added. (0x138e470)
15/10/2018 15:16:31 (Std) 	Created WindowFactory for 'CEGUI/MultiColumnList' windows.
15/10/2018 15:16:31 (Std) 	WindowFactory for 'CEGUI/MultiColumnList' windows added. (0x138e720)
15/10/2018 15:16:31 (Std) 	Created WindowFactory for 'CEGUI/MultiLineEditbox' windows.
15/10/2018 15:16:31 (Std) 	WindowFactory for 'CEGUI/MultiLineEditbox' windows added. (0x138e8c0)
15/10/2018 15:16:31 (Std) 	Created WindowFactory for 'CEGUI/ProgressBar' windows.
15/10/2018 15:16:31 (Std) 	WindowFactory for 'CEGUI/ProgressBar' windows added. (0x138ea60)
15/10/2018 15:16:31 (Std) 	Created WindowFactory for 'CEGUI/ScrollablePane' windows.
15/10/2018 15:16:31 (Std) 	WindowFactory for 'CEGUI/ScrollablePane' windows added. (0x138ec00)
15/10/2018 15:16:31 (Std) 	Created WindowFactory for 'CEGUI/Scrollbar' windows.
15/10/2018 15:16:31 (Std) 	WindowFactory for 'CEGUI/Scrollbar' windows added. (0x138eda0)
15/10/2018 15:16:31 (Std) 	Created WindowFactory for 'CEGUI/Slider' windows.
15/10/2018 15:16:31 (Std) 	WindowFactory for 'CEGUI/Slider' windows added. (0x138ef40)
15/10/2018 15:16:31 (Std) 	Created WindowFactory for 'CEGUI/Spinner' windows.
15/10/2018 15:16:31 (Std) 	WindowFactory for 'CEGUI/Spinner' windows added. (0x138f0e0)
15/10/2018 15:16:31 (Std) 	Created WindowFactory for 'CEGUI/TabButton' windows.
15/10/2018 15:16:31 (Std) 	WindowFactory for 'CEGUI/TabButton' windows added. (0x138f280)
15/10/2018 15:16:31 (Std) 	Created WindowFactory for 'CEGUI/TabControl' windows.
15/10/2018 15:16:31 (Std) 	WindowFactory for 'CEGUI/TabControl' windows added. (0x138f420)
15/10/2018 15:16:31 (Std) 	Created WindowFactory for 'CEGUI/Thumb' windows.
15/10/2018 15:16:31 (Std) 	WindowFactory for 'CEGUI/Thumb' windows added. (0x138f5c0)
15/10/2018 15:16:31 (Std) 	Created WindowFactory for 'CEGUI/Titlebar' windows.
15/10/2018 15:16:31 (Std) 	WindowFactory for 'CEGUI/Titlebar' windows added. (0x138f760)
15/10/2018 15:16:31 (Std) 	Created WindowFactory for 'CEGUI/ToggleButton' windows.
15/10/2018 15:16:31 (Std) 	WindowFactory for 'CEGUI/ToggleButton' windows added. (0x138f900)
15/10/2018 15:16:31 (Std) 	Created WindowFactory for 'CEGUI/Tooltip' windows.
15/10/2018 15:16:31 (Std) 	WindowFactory for 'CEGUI/Tooltip' windows added. (0x138faa0)
15/10/2018 15:16:31 (Std) 	Created WindowFactory for 'CEGUI/ItemListbox' windows.
15/10/2018 15:16:31 (Std) 	WindowFactory for 'CEGUI/ItemListbox' windows added. (0x138fc40)
15/10/2018 15:16:31 (Std) 	Created WindowFactory for 'CEGUI/GroupBox' windows.
15/10/2018 15:16:31 (Std) 	WindowFactory for 'CEGUI/GroupBox' windows added. (0x138fde0)
15/10/2018 15:16:31 (Std) 	Created WindowFactory for 'CEGUI/Tree' windows.
15/10/2018 15:16:31 (Std) 	WindowFactory for 'CEGUI/Tree' windows added. (0x138ff80)
15/10/2018 15:16:31 (Std) 	Created WindowFactory for 'LayoutCell' windows.
15/10/2018 15:16:31 (Std) 	WindowFactory for 'LayoutCell' windows added. (0x138e610)
15/10/2018 15:16:31 (Std) 	Created WindowFactory for 'HorizontalLayoutContainer' windows.
15/10/2018 15:16:31 (Std) 	WindowFactory for 'HorizontalLayoutContainer' windows added. (0x1390410)
15/10/2018 15:16:31 (Std) 	Created WindowFactory for 'VerticalLayoutContainer' windows.
15/10/2018 15:16:31 (Std) 	WindowFactory for 'VerticalLayoutContainer' windows added. (0x13905b0)
15/10/2018 15:16:31 (Std) 	Created WindowFactory for 'GridLayoutContainer' windows.
15/10/2018 15:16:31 (Std) 	WindowFactory for 'GridLayoutContainer' windows added. (0x1390750)
15/10/2018 15:16:31 (Std) 	CEGUI::System singleton created. (0x1383b90)
15/10/2018 15:16:31 (Std) 	---- CEGUI System initialisation completed ----
15/10/2018 15:16:31 (Std) 	
15/10/2018 15:16:31 (Std) 	Started creation of Scheme from XML specification:
15/10/2018 15:16:31 (Std) 	---- CEGUI GUIScheme name: TaharezLook
15/10/2018 15:16:31 (Std) 	[ImageManager] Started creation of Imageset from XML specification:
15/10/2018 15:16:31 (Std) 	[ImageManager] ---- CEGUI Imageset name: TaharezLook
15/10/2018 15:16:31 (Std) 	[ImageManager] ---- Source texture file: TaharezLook.png
15/10/2018 15:16:31 (Std) 	[ImageManager] ---- Source texture resource group: (Default)
15/10/2018 15:16:31 (Std) 	[OgreRenderer] Created texture: TaharezLook
15/10/2018 15:16:31 (Std) 	[ImageManager] Created image: 'TaharezLook/ClientBrush' (0x13a31a0) of type: BasicImage
15/10/2018 15:16:31 (Std) 	[ImageManager] Created image: 'TaharezLook/GenericBrush' (0x13a3010) of type: BasicImage
15/10/2018 15:16:31 (Std) 	[ImageManager] Created image: 'TaharezLook/WindowLeftEdge' (0x13a3f20) of type: BasicImage
15/10/2018 15:16:31 (Std) 	[ImageManager] Created image: 'TaharezLook/WindowRightEdge' (0x13a2b60) of type: BasicImage
15/10/2018 15:16:31 (Std) 	[ImageManager] Created image: 'TaharezLook/WindowTopEdge' (0x1395670) of type: BasicImage
15/10/2018 15:16:31 (Std) 	[ImageManager] Created image: 'TaharezLook/WindowBottomEdge' (0x13a3a70) of type: BasicImage
15/10/2018 15:16:31 (Std) 	[ImageManager] Created image: 'TaharezLook/WindowTopLeft' (0x13a29d0) of type: BasicImage
15/10/2018 15:16:31 (Std) 	[ImageManager] Created image: 'TaharezLook/WindowTopRight' (0x13908f0) of type: BasicImage
15/10/2018 15:16:31 (Std) 	[ImageManager] Created image: 'TaharezLook/WindowBottomLeft' (0x1390b00) of type: BasicImage
15/10/2018 15:16:31 (Std) 	[ImageManager] Created image: 'TaharezLook/WindowBottomRight' (0x1390d10) of type: BasicImage
15/10/2018 15:16:31 (Std) 	[ImageManager] Created image: 'TaharezLook/ButtonLeftNormal' (0x1390f20) of type: BasicImage
15/10/2018 15:16:31 (Std) 	[ImageManager] Created image: 'TaharezLook/ButtonMiddleNormal' (0x1391130) of type: BasicImage
15/10/2018 15:16:31 (Std) 	[ImageManager] Created image: 'TaharezLook/ButtonRightNormal' (0x1391340) of type: BasicImage
15/10/2018 15:16:31 (Std) 	[ImageManager] Created image: 'TaharezLook/ButtonLeftPushed' (0x1391550) of type: BasicImage
15/10/2018 15:16:31 (Std) 	[ImageManager] Created image: 'TaharezLook/ButtonMiddlePushed' (0x1391760) of type: BasicImage
15/10/2018 15:16:31 (Std) 	[ImageManager] Created image: 'TaharezLook/ButtonRightPushed' (0x1391970) of type: BasicImage
15/10/2018 15:16:31 (Std) 	[ImageManager] Created image: 'TaharezLook/ButtonLeftHighlight' (0x1391b80) of type: BasicImage
15/10/2018 15:16:31 (Std) 	[ImageManager] Created image: 'TaharezLook/ButtonMiddleHighlight' (0x1391d90) of type: BasicImage
15/10/2018 15:16:31 (Std) 	[ImageManager] Created image: 'TaharezLook/ButtonRightHighlight' (0x1392150) of type: BasicImage
15/10/2018 15:16:31 (Std) 	[ImageManager] Created image: 'TaharezLook/CheckboxNormal' (0x1392510) of type: BasicImage
15/10/2018 15:16:31 (Std) 	[ImageManager] Created image: 'TaharezLook/CheckboxHover' (0x1392720) of type: BasicImage
15/10/2018 15:16:31 (Std) 	[ImageManager] Created image: 'TaharezLook/CheckboxMark' (0x1392930) of type: BasicImage
15/10/2018 15:16:31 (Std) 	[ImageManager] Created image: 'TaharezLook/RadioButtonNormal' (0x1392b40) of type: BasicImage
15/10/2018 15:16:31 (Std) 	[ImageManager] Created image: 'TaharezLook/RadioButtonHover' (0x1392d50) of type: BasicImage
15/10/2018 15:16:31 (Std) 	[ImageManager] Created image: 'TaharezLook/RadioButtonMark' (0x1392f60) of type: BasicImage
15/10/2018 15:16:31 (Std) 	[ImageManager] Created image: 'TaharezLook/TitlebarLeft' (0x1393170) of type: BasicImage
15/10/2018 15:16:31 (Std) 	[ImageManager] Created image: 'TaharezLook/TitlebarMiddle' (0x1393380) of type: BasicImage
15/10/2018 15:16:31 (Std) 	[ImageManager] Created image: 'TaharezLook/TitlebarRight' (0x1393590) of type: BasicImage
15/10/2018 15:16:31 (Std) 	[ImageManager] Created image: 'TaharezLook/NewTitlebarLeft' (0x13937a0) of type: BasicImage
15/10/2018 15:16:31 (Std) 	[ImageManager] Created image: 'TaharezLook/NewTitlebarMiddle' (0x13939b0) of type: BasicImage
15/10/2018 15:16:31 (Std) 	[ImageManager] Created image: 'TaharezLook/NewTitlebarRight' (0x1393bc0) of type: BasicImage
15/10/2018 15:16:31 (Std) 	[ImageManager] Created image: 'TaharezLook/SysAreaMiddle' (0x13a4250) of type: BasicImage
15/10/2018 15:16:31 (Std) 	[ImageManager] Created image: 'TaharezLook/SysAreaRight' (0x1395ba0) of type: BasicImage
15/10/2018 15:16:31 (Std) 	[ImageManager] Created image: 'TaharezLook/StaticLeft' (0x13940f0) of type: BasicImage
15/10/2018 15:16:31 (Std) 	[ImageManager] Created image: 'TaharezLook/StaticRight' (0x1397880) of type: BasicImage
15/10/2018 15:16:31 (Std) 	[ImageManager] Created image: 'TaharezLook/StaticTop' (0x1397a90) of type: BasicImage
15/10/2018 15:16:31 (Std) 	[ImageManager] Created image: 'TaharezLook/StaticBottom' (0x1397ca0) of type: BasicImage
15/10/2018 15:16:31 (Std) 	[ImageManager] Created image: 'TaharezLook/StaticTopLeft' (0x1397eb0) of type: BasicImage
15/10/2018 15:16:31 (Std) 	[ImageManager] Created image: 'TaharezLook/StaticTopRight' (0x13980c0) of type: BasicImage
15/10/2018 15:16:31 (Std) 	[ImageManager] Created image: 'TaharezLook/StaticBottomLeft' (0x13982d0) of type: BasicImage
15/10/2018 15:16:31 (Std) 	[ImageManager] Created image: 'TaharezLook/StaticBottomRight' (0x13984e0) of type: BasicImage
15/10/2018 15:16:31 (Std) 	[ImageManager] Created image: 'TaharezLook/StaticBackdrop' (0x13986f0) of type: BasicImage
15/10/2018 15:16:31 (Std) 	[ImageManager] Created image: 'TaharezLook/ProgressBarLeft' (0x1398900) of type: BasicImage
15/10/2018 15:16:31 (Std) 	[ImageManager] Created image: 'TaharezLook/ProgressBarMiddle' (0x1398b10) of type: BasicImage
15/10/2018 15:16:31 (Std) 	[ImageManager] Created image: 'TaharezLook/ProgressBarRight' (0x1398d20) of type: BasicImage
15/10/2018 15:16:31 (Std) 	[ImageManager] Created image: 'TaharezLook/ProgressBarDimSegment' (0x1398f30) of type: BasicImage
15/10/2018 15:16:31 (Std) 	[ImageManager] Created image: 'TaharezLook/ProgressBarLitSegment' (0x1399260) of type: BasicImage
15/10/2018 15:16:31 (Std) 	[ImageManager] Created image: 'TaharezLook/EditBoxLeft' (0x1399590) of type: BasicImage
15/10/2018 15:16:31 (Std) 	[ImageManager] Created image: 'TaharezLook/EditBoxMiddle' (0x13997a0) of type: BasicImage
15/10/2018 15:16:31 (Std) 	[ImageManager] Created image: 'TaharezLook/EditBoxRight' (0x13999b0) of type: BasicImage
15/10/2018 15:16:31 (Std) 	[ImageManager] Created image: 'TaharezLook/EditBoxCaret' (0x1399bc0) of type: BasicImage
15/10/2018 15:16:31 (Std) 	[ImageManager] Created image: 'TaharezLook/SpinnerUpNormal' (0x1399dd0) of type: BasicImage
15/10/2018 15:16:31 (Std) 	[ImageManager] Created image: 'TaharezLook/SpinnerDownNormal' (0x1399fe0) of type: BasicImage
15/10/2018 15:16:31 (Std) 	[ImageManager] Created image: 'TaharezLook/SpinnerUpHover' (0x139a1f0) of type: BasicImage
15/10/2018 15:16:31 (Std) 	[ImageManager] Created image: 'TaharezLook/SpinnerDownHover' (0x139a400) of type: BasicImage
15/10/2018 15:16:31 (Std) 	[ImageManager] Created image: 'TaharezLook/TextSelectionBrush' (0x139a610) of type: BasicImage
15/10/2018 15:16:31 (Std) 	[ImageManager] Created image: 'TaharezLook/VertScrollTop' (0x139a820) of type: BasicImage
15/10/2018 15:16:31 (Std) 	[ImageManager] Created image: 'TaharezLook/VertScrollMiddle' (0x139aa30) of type: BasicImage
15/10/2018 15:16:31 (Std) 	[ImageManager] Created image: 'TaharezLook/VertScrollBottom' (0x139ac40) of type: BasicImage
15/10/2018 15:16:31 (Std) 	[ImageManager] Created image: 'TaharezLook/VertScrollBarSegment' (0x139ae50) of type: BasicImage
15/10/2018 15:16:31 (Std) 	[ImageManager] Created image: 'TaharezLook/VertScrollThumbNormal' (0x139b180) of type: BasicImage
15/10/2018 15:16:31 (Std) 	[ImageManager] Created image: 'TaharezLook/VertScrollThumbHover' (0x139b4b0) of type: BasicImage
15/10/2018 15:16:31 (Std) 	[ImageManager] Created image: 'TaharezLook/VertScrollUpNormal' (0x139b7e0) of type: BasicImage
15/10/2018 15:16:31 (Std) 	[ImageManager] Created image: 'TaharezLook/VertScrollDownNormal' (0x139b9f0) of type: BasicImage
15/10/2018 15:16:31 (Std) 	[ImageManager] Created image: 'TaharezLook/VertScrollUpHover' (0x139bd20) of type: BasicImage
15/10/2018 15:16:31 (Std) 	[ImageManager] Created image: 'TaharezLook/VertScrollDownHover' (0x139bf30) of type: BasicImage
15/10/2018 15:16:31 (Std) 	[ImageManager] Created image: 'TaharezLook/MiniVertScrollBarSegment' (0x139c2d0) of type: BasicImage
15/10/2018 15:16:31 (Std) 	[ImageManager] Created image: 'TaharezLook/MiniVertScrollThumbNormal' (0x13a2840) of type: BasicImage
15/10/2018 15:16:31 (Std) 	[ImageManager] Created image: 'TaharezLook/MiniVertScrollThumbTopNormal' (0x13ba7f0) of type: BasicImage
15/10/2018 15:16:31 (Std) 	[ImageManager] Created image: 'TaharezLook/MiniVertScrollThumbMiddleNormal' (0x13bac10) of type: BasicImage
15/10/2018 15:16:31 (Std) 	[ImageManager] Created image: 'TaharezLook/MiniVertScrollThumbBottomNormal' (0x13ba660) of type: BasicImage
15/10/2018 15:16:31 (Std) 	[ImageManager] Created image: 'TaharezLook/MiniVertScrollThumbTopHover' (0x13bb2d0) of type: BasicImage
15/10/2018 15:16:31 (Std) 	[ImageManager] Created image: 'TaharezLook/MiniVertScrollThumbMiddleHover' (0x13bb6f0) of type: BasicImage
15/10/2018 15:16:31 (Std) 	[ImageManager] Created image: 'TaharezLook/MiniVertScrollThumbBottomHover' (0x13bba80) of type: BasicImage
15/10/2018 15:16:31 (Std) 	[ImageManager] Created image: 'TaharezLook/MiniVertScrollThumbHover' (0x13bbe10) of type: BasicImage
15/10/2018 15:16:31 (Std) 	[ImageManager] Created image: 'TaharezLook/MiniVertScrollUpNormal' (0x13bc160) of type: BasicImage
15/10/2018 15:16:31 (Std) 	[ImageManager] Created image: 'TaharezLook/MiniVertScrollDownNormal' (0x13bc4b0) of type: BasicImage
15/10/2018 15:16:31 (Std) 	[ImageManager] Created image: 'TaharezLook/MiniVertScrollUpHover' (0x13bc800) of type: BasicImage
15/10/2018 15:16:31 (Std) 	[ImageManager] Created image: 'TaharezLook/MiniVertScrollDownHover' (0x13bcb30) of type: BasicImage
15/10/2018 15:16:31 (Std) 	[ImageManager] Created image: 'TaharezLook/VertSliderBody' (0x13bce80) of type: BasicImage
15/10/2018 15:16:31 (Std) 	[ImageManager] Created image: 'TaharezLook/VertSliderThumbNormal' (0x13bd090) of type: BasicImage
15/10/2018 15:16:31 (Std) 	[ImageManager] Created image: 'TaharezLook/VertSliderThumbHover' (0x13bd3c0) of type: BasicImage
15/10/2018 15:16:31 (Std) 	[ImageManager] Created image: 'TaharezLook/MiniHorzScrollBarSegment' (0x13bd6f0) of type: BasicImage
15/10/2018 15:16:31 (Std) 	[ImageManager] Created image: 'TaharezLook/MiniHorzScrollThumbNormal' (0x13bda40) of type: BasicImage
15/10/2018 15:16:31 (Std) 	[ImageManager] Created image: 'TaharezLook/MiniHorzScrollThumbLeftNormal' (0x13bdd90) of type: BasicImage
15/10/2018 15:16:31 (Std) 	[ImageManager] Created image: 'TaharezLook/MiniHorzScrollThumbMiddleNormal' (0x13be1b0) of type: BasicImage
15/10/2018 15:16:31 (Std) 	[ImageManager] Created image: 'TaharezLook/MiniHorzScrollThumbRightNormal' (0x13be540) of type: BasicImage
15/10/2018 15:16:31 (Std) 	[ImageManager] Created image: 'TaharezLook/MiniHorzScrollThumbHover' (0x13be8d0) of type: BasicImage
15/10/2018 15:16:31 (Std) 	[ImageManager] Created image: 'TaharezLook/MiniHorzScrollThumbLeftHover' (0x13bec20) of type: BasicImage
15/10/2018 15:16:31 (Std) 	[ImageManager] Created image: 'TaharezLook/MiniHorzScrollThumbMiddleHover' (0x13bef90) of type: BasicImage
15/10/2018 15:16:31 (Std) 	[ImageManager] Created image: 'TaharezLook/MiniHorzScrollThumbRightHover' (0x13bf320) of type: BasicImage
15/10/2018 15:16:31 (Std) 	[ImageManager] Created image: 'TaharezLook/MiniHorzScrollLeftNormal' (0x13bf690) of type: BasicImage
15/10/2018 15:16:31 (Std) 	[ImageManager] Created image: 'TaharezLook/MiniHorzScrollRightNormal' (0x13bf9e0) of type: BasicImage
15/10/2018 15:16:31 (Std) 	[ImageManager] Created image: 'TaharezLook/MiniHorzScrollLeftHover' (0x13bfd30) of type: BasicImage
15/10/2018 15:16:31 (Std) 	[ImageManager] Created image: 'TaharezLook/MiniHorzScrollRightHover' (0x13c0080) of type: BasicImage
15/10/2018 15:16:31 (Std) 	[ImageManager] Created image: 'TaharezLook/ListboxLeft' (0x13c03d0) of type: BasicImage
15/10/2018 15:16:31 (Std) 	[ImageManager] Created image: 'TaharezLook/ListboxRight' (0x13c05e0) of type: BasicImage
15/10/2018 15:16:31 (Std) 	[ImageManager] Created image: 'TaharezLook/ListboxTop' (0x13c07f0) of type: BasicImage
15/10/2018 15:16:31 (Std) 	[ImageManager] Created image: 'TaharezLook/ListboxBottom' (0x13c0a00) of type: BasicImage
15/10/2018 15:16:31 (Std) 	[ImageManager] Created image: 'TaharezLook/ListboxTopLeft' (0x13c0c10) of type: BasicImage
15/10/2018 15:16:31 (Std) 	[ImageManager] Created image: 'TaharezLook/ListboxTopRight' (0x13c0e20) of type: BasicImage
15/10/2018 15:16:31 (Std) 	[ImageManager] Created image: 'TaharezLook/ListboxBottomLeft' (0x13c1030) of type: BasicImage
15/10/2018 15:16:31 (Std) 	[ImageManager] Created image: 'TaharezLook/ListboxBottomRight' (0x13c1240) of type: BasicImage
15/10/2018 15:16:31 (Std) 	[ImageManager] Created image: 'TaharezLook/ListboxBackdrop' (0x13c1450) of type: BasicImage
15/10/2018 15:16:31 (Std) 	[ImageManager] Created image: 'TaharezLook/ListboxSelectionBrush' (0x13c1660) of type: BasicImage
15/10/2018 15:16:31 (Std) 	[ImageManager] Created image: 'TaharezLook/ComboboxEditLeft' (0x13c1990) of type: BasicImage
15/10/2018 15:16:31 (Std) 	[ImageManager] Created image: 'TaharezLook/ComboboxEditMiddle' (0x13c1ba0) of type: BasicImage
15/10/2018 15:16:31 (Std) 	[ImageManager] Created image: 'TaharezLook/ComboboxListButtonNormal' (0x13c1db0) of type: BasicImage
15/10/2018 15:16:31 (Std) 	[ImageManager] Created image: 'TaharezLook/ComboboxListButtonHover' (0x13c2100) of type: BasicImage
15/10/2018 15:16:31 (Std) 	[ImageManager] Created image: 'TaharezLook/ComboboxListLeft' (0x13c2450) of type: BasicImage
15/10/2018 15:16:31 (Std) 	[ImageManager] Created image: 'TaharezLook/ComboboxListRight' (0x13c2660) of type: BasicImage
15/10/2018 15:16:31 (Std) 	[ImageManager] Created image: 'TaharezLook/ComboboxListTop' (0x13c2870) of type: BasicImage
15/10/2018 15:16:31 (Std) 	[ImageManager] Created image: 'TaharezLook/ComboboxListBottom' (0x13c2a80) of type: BasicImage
15/10/2018 15:16:31 (Std) 	[ImageManager] Created image: 'TaharezLook/ComboboxListTopLeft' (0x13c2c90) of type: BasicImage
15/10/2018 15:16:31 (Std) 	[ImageManager] Created image: 'TaharezLook/ComboboxListTopRight' (0x13c2ea0) of type: BasicImage
15/10/2018 15:16:31 (Std) 	[ImageManager] Created image: 'TaharezLook/ComboboxListBottomLeft' (0x13c31d0) of type: BasicImage
15/10/2018 15:16:31 (Std) 	[ImageManager] Created image: 'TaharezLook/ComboboxListBottomRight' (0x13c3520) of type: BasicImage
15/10/2018 15:16:31 (Std) 	[ImageManager] Created image: 'TaharezLook/ComboboxListBackdrop' (0x13c3870) of type: BasicImage
15/10/2018 15:16:31 (Std) 	[ImageManager] Created image: 'TaharezLook/ComboboxSelectionBrush' (0x13c3ba0) of type: BasicImage
15/10/2018 15:16:31 (Std) 	[ImageManager] Created image: 'TaharezLook/ComboboxDividerLeft' (0x13c3ef0) of type: BasicImage
15/10/2018 15:16:31 (Std) 	[ImageManager] Created image: 'TaharezLook/ComboboxDividerMiddle' (0x13c4100) of type: BasicImage
15/10/2018 15:16:31 (Std) 	[ImageManager] Created image: 'TaharezLook/ComboboxDividerRight' (0x13c4430) of type: BasicImage
15/10/2018 15:16:31 (Std) 	[ImageManager] Created image: 'TaharezLook/HeaderBarBackdropNormal' (0x13c4760) of type: BasicImage
15/10/2018 15:16:31 (Std) 	[ImageManager] Created image: 'TaharezLook/HeaderBarBackdropHover' (0x13c4ab0) of type: BasicImage
15/10/2018 15:16:31 (Std) 	[ImageManager] Created image: 'TaharezLook/HeaderBarSplitterNormal' (0x13c4e00) of type: BasicImage
15/10/2018 15:16:31 (Std) 	[ImageManager] Created image: 'TaharezLook/HeaderBarSplitterHover' (0x13c5150) of type: BasicImage
15/10/2018 15:16:31 (Std) 	[ImageManager] Created image: 'TaharezLook/HeaderBarSortUp' (0x13c54a0) of type: BasicImage
15/10/2018 15:16:31 (Std) 	[ImageManager] Created image: 'TaharezLook/HeaderBarSortDown' (0x13c56b0) of type: BasicImage
15/10/2018 15:16:31 (Std) 	[ImageManager] Created image: 'TaharezLook/MultiListLeft' (0x13c58c0) of type: BasicImage
15/10/2018 15:16:31 (Std) 	[ImageManager] Created image: 'TaharezLook/MultiListRight' (0x13c5ad0) of type: BasicImage
15/10/2018 15:16:31 (Std) 	[ImageManager] Created image: 'TaharezLook/MultiListTop' (0x13c5ce0) of type: BasicImage
15/10/2018 15:16:31 (Std) 	[ImageManager] Created image: 'TaharezLook/MultiListBottom' (0x13c5ef0) of type: BasicImage
15/10/2018 15:16:31 (Std) 	[ImageManager] Created image: 'TaharezLook/MultiListTopLeft' (0x13c6100) of type: BasicImage
15/10/2018 15:16:31 (Std) 	[ImageManager] Created image: 'TaharezLook/MultiListTopRight' (0x13c6310) of type: BasicImage
15/10/2018 15:16:31 (Std) 	[ImageManager] Created image: 'TaharezLook/MultiListBottomLeft' (0x13c6520) of type: BasicImage
15/10/2018 15:16:31 (Std) 	[ImageManager] Created image: 'TaharezLook/MultiListBottomRight' (0x13c6730) of type: BasicImage
15/10/2018 15:16:31 (Std) 	[ImageManager] Created image: 'TaharezLook/MultiListBackdrop' (0x13c6a60) of type: BasicImage
15/10/2018 15:16:31 (Std) 	[ImageManager] Created image: 'TaharezLook/MultiListSelectionBrush' (0x13c6c70) of type: BasicImage
15/10/2018 15:16:31 (Std) 	[ImageManager] Created image: 'TaharezLook/AltProgressLeft' (0x1393f60) of type: BasicImage
15/10/2018 15:16:31 (Std) 	[ImageManager] Created image: 'TaharezLook/AltProgressMiddle' (0x14472f0) of type: BasicImage
15/10/2018 15:16:31 (Std) 	[ImageManager] Created image: 'TaharezLook/AltProgressRight' (0x1447500) of type: BasicImage
15/10/2018 15:16:31 (Std) 	[ImageManager] Created image: 'TaharezLook/AltProgressQuarter' (0x1447710) of type: BasicImage
15/10/2018 15:16:31 (Std) 	[ImageManager] Created image: 'TaharezLook/AltProgressHalf' (0x1447920) of type: BasicImage
15/10/2018 15:16:31 (Std) 	[ImageManager] Created image: 'TaharezLook/AltProgressLight1' (0x1447b30) of type: BasicImage
15/10/2018 15:16:31 (Std) 	[ImageManager] Created image: 'TaharezLook/AltProgressLight2' (0x1447d40) of type: BasicImage
15/10/2018 15:16:31 (Std) 	[ImageManager] Created image: 'TaharezLook/AltProgressLight3' (0x1447f50) of type: BasicImage
15/10/2018 15:16:31 (Std) 	[ImageManager] Created image: 'TaharezLook/AltProgressLight4' (0x1448160) of type: BasicImage
15/10/2018 15:16:31 (Std) 	[ImageManager] Created image: 'TaharezLook/AltProgressLight5' (0x1448370) of type: BasicImage
15/10/2018 15:16:31 (Std) 	[ImageManager] Created image: 'TaharezLook/AltProgressLight6' (0x1448580) of type: BasicImage
15/10/2018 15:16:31 (Std) 	[ImageManager] Created image: 'TaharezLook/AltProgressLight7' (0x1448790) of type: BasicImage
15/10/2018 15:16:31 (Std) 	[ImageManager] Created image: 'TaharezLook/AltProgressLight8' (0x14489a0) of type: BasicImage
15/10/2018 15:16:31 (Std) 	[ImageManager] Created image: 'TaharezLook/AltProgressLight9' (0x1448bb0) of type: BasicImage
15/10/2018 15:16:31 (Std) 	[ImageManager] Created image: 'TaharezLook/AltProgressLight10' (0x1448dc0) of type: BasicImage
15/10/2018 15:16:31 (Std) 	[ImageManager] Created image: 'TaharezLook/CloseButtonNormal' (0x1448fd0) of type: BasicImage
15/10/2018 15:16:31 (Std) 	[ImageManager] Created image: 'TaharezLook/CloseButtonHover' (0x14491e0) of type: BasicImage
15/10/2018 15:16:31 (Std) 	[ImageManager] Created image: 'TaharezLook/CloseButtonPressed' (0x14493f0) of type: BasicImage
15/10/2018 15:16:31 (Std) 	[ImageManager] Created image: 'TaharezLook/NewCloseButtonNormal' (0x1449600) of type: BasicImage
15/10/2018 15:16:31 (Std) 	[ImageManager] Created image: 'TaharezLook/NewCloseButtonHover' (0x1449810) of type: BasicImage
15/10/2018 15:16:31 (Std) 	[ImageManager] Created image: 'TaharezLook/NewCloseButtonPressed' (0x1449a20) of type: BasicImage
15/10/2018 15:16:31 (Std) 	[ImageManager] Created image: 'TaharezLook/MultiLineEditboxLeft' (0x1449c30) of type: BasicImage
15/10/2018 15:16:31 (Std) 	[ImageManager] Created image: 'TaharezLook/MultiLineEditboxRight' (0x1449e40) of type: BasicImage
15/10/2018 15:16:31 (Std) 	[ImageManager] Created image: 'TaharezLook/MultiLineEditboxTop' (0x144a050) of type: BasicImage
15/10/2018 15:16:31 (Std) 	[ImageManager] Created image: 'TaharezLook/MultiLineEditboxBottom' (0x144a260) of type: BasicImage
15/10/2018 15:16:31 (Std) 	[ImageManager] Created image: 'TaharezLook/MultiLineEditboxTopLeft' (0x144a5b0) of type: BasicImage
15/10/2018 15:16:31 (Std) 	[ImageManager] Created image: 'TaharezLook/MultiLineEditboxTopRight' (0x144a900) of type: BasicImage
15/10/2018 15:16:31 (Std) 	[ImageManager] Created image: 'TaharezLook/MultiLineEditboxBottomLeft' (0x144ade0) of type: BasicImage
15/10/2018 15:16:31 (Std) 	[ImageManager] Created image: 'TaharezLook/MultiLineEditboxBottomRight' (0x13a4130) of type: BasicImage
15/10/2018 15:16:31 (Std) 	[ImageManager] Created image: 'TaharezLook/MultiLineEditboxBackdrop' (0x144b500) of type: BasicImage
15/10/2018 15:16:31 (Std) 	[ImageManager] Created image: 'TaharezLook/MultiLineEditboxSelectionBrush' (0x144b8a0) of type: BasicImage
15/10/2018 15:16:31 (Std) 	[ImageManager] Created image: 'TaharezLook/MouseTarget' (0x144c1a0) of type: BasicImage
15/10/2018 15:16:31 (Std) 	[ImageManager] Created image: 'TaharezLook/MouseArrow' (0x13a3560) of type: BasicImage
15/10/2018 15:16:31 (Std) 	[ImageManager] Created image: 'TaharezLook/MouseMoveCursor' (0x144c540) of type: BasicImage
15/10/2018 15:16:31 (Std) 	[ImageManager] Created image: 'TaharezLook/MouseNoSoCursor' (0x144c750) of type: BasicImage
15/10/2018 15:16:31 (Std) 	[ImageManager] Created image: 'TaharezLook/MouseEsWeCursor' (0x144c960) of type: BasicImage
15/10/2018 15:16:31 (Std) 	[ImageManager] Created image: 'TaharezLook/MouseNeSwCursor' (0x144cb70) of type: BasicImage
15/10/2018 15:16:31 (Std) 	[ImageManager] Created image: 'TaharezLook/MouseNwSeCursor' (0x144cd80) of type: BasicImage
15/10/2018 15:16:31 (Std) 	[ImageManager] Created image: 'TaharezLook/MouseTextBar' (0x144cf90) of type: BasicImage
15/10/2018 15:16:31 (Std) 	[ImageManager] Created image: 'TaharezLook/TabHorizontalFiller' (0x13a3860) of type: BasicImage
15/10/2018 15:16:31 (Std) 	[ImageManager] Created image: 'TaharezLook/TabContentPaneUpperLeft' (0x144bcf0) of type: BasicImage
15/10/2018 15:16:31 (Std) 	[ImageManager] Created image: 'TaharezLook/TabContentPaneUpper' (0x144d1a0) of type: BasicImage
15/10/2018 15:16:31 (Std) 	[ImageManager] Created image: 'TaharezLook/TabContentPaneUpperRight' (0x144d3b0) of type: BasicImage
15/10/2018 15:16:31 (Std) 	[ImageManager] Created image: 'TaharezLook/TabContentPaneLeft' (0x144d5c0) of type: BasicImage
15/10/2018 15:16:31 (Std) 	[ImageManager] Created image: 'TaharezLook/TabContentPaneRight' (0x144d7d0) of type: BasicImage
15/10/2018 15:16:31 (Std) 	[ImageManager] Created image: 'TaharezLook/TabContentPaneLower' (0x144d9e0) of type: BasicImage
15/10/2018 15:16:31 (Std) 	[ImageManager] Created image: 'TaharezLook/TabContentPaneLowerLeft' (0x144dbf0) of type: BasicImage
15/10/2018 15:16:31 (Std) 	[ImageManager] Created image: 'TaharezLook/TabContentPaneLowerRight' (0x144de00) of type: BasicImage
15/10/2018 15:16:31 (Std) 	[ImageManager] Created image: 'TaharezLook/TabContentPaneMiddle' (0x144e150) of type: BasicImage
15/10/2018 15:16:31 (Std) 	[ImageManager] Created image: 'TaharezLook/TabButtonScrollLeftNormal' (0x144e4f0) of type: BasicImage
15/10/2018 15:16:31 (Std) 	[ImageManager] Created image: 'TaharezLook/TabButtonScrollRightNormal' (0x144e9d0) of type: BasicImage
15/10/2018 15:16:31 (Std) 	[ImageManager] Created image: 'TaharezLook/TabButtonScrollLeftHover' (0x139c6c0) of type: BasicImage
15/10/2018 15:16:31 (Std) 	[ImageManager] Created image: 'TaharezLook/TabButtonScrollRightHover' (0x144eee0) of type: BasicImage
15/10/2018 15:16:31 (Std) 	[ImageManager] Created image: 'TaharezLook/TabButtonLeftNormal' (0x144f230) of type: BasicImage
15/10/2018 15:16:31 (Std) 	[ImageManager] Created image: 'TaharezLook/TabButtonRightNormal' (0x144f440) of type: BasicImage
15/10/2018 15:16:31 (Std) 	[ImageManager] Created image: 'TaharezLook/TabButtonUpperNormal' (0x144f650) of type: BasicImage
15/10/2018 15:16:31 (Std) 	[ImageManager] Created image: 'TaharezLook/TabButtonLowerNormal' (0x144f980) of type: BasicImage
15/10/2018 15:16:31 (Std) 	[ImageManager] Created image: 'TaharezLook/TabButtonUpperLeftNormal' (0x144fe40) of type: BasicImage
15/10/2018 15:16:31 (Std) 	[ImageManager] Created image: 'TaharezLook/TabButtonUpperLeft2Normal' (0x1450230) of type: BasicImage
15/10/2018 15:16:31 (Std) 	[ImageManager] Created image: 'TaharezLook/TabButtonUpperRightNormal' (0x1450580) of type: BasicImage
15/10/2018 15:16:31 (Std) 	[ImageManager] Created image: 'TaharezLook/TabButtonLowerLeftNormal' (0x14508d0) of type: BasicImage
15/10/2018 15:16:31 (Std) 	[ImageManager] Created image: 'TaharezLook/TabButtonLowerRightNormal' (0x1450c20) of type: BasicImage
15/10/2018 15:16:31 (Std) 	[ImageManager] Created image: 'TaharezLook/TabButtonLowerRight2Normal' (0x1451100) of type: BasicImage
15/10/2018 15:16:31 (Std) 	[ImageManager] Created image: 'TaharezLook/TabButtonMiddleNormal' (0x13a24d0) of type: BasicImage
15/10/2018 15:16:31 (Std) 	[ImageManager] Created image: 'TaharezLook/TabButtonLeftSelected' (0x1451610) of type: BasicImage
15/10/2018 15:16:31 (Std) 	[ImageManager] Created image: 'TaharezLook/TabButtonRightSelected' (0x1451820) of type: BasicImage
15/10/2018 15:16:31 (Std) 	[ImageManager] Created image: 'TaharezLook/TabButtonUpperSelected' (0x1451c10) of type: BasicImage
15/10/2018 15:16:31 (Std) 	[ImageManager] Created image: 'TaharezLook/TabButtonLowerSelected' (0x1451f60) of type: BasicImage
15/10/2018 15:16:31 (Std) 	[ImageManager] Created image: 'TaharezLook/TabButtonUpperLeftSelected' (0x1452440) of type: BasicImage
15/10/2018 15:16:31 (Std) 	[ImageManager] Created image: 'TaharezLook/TabButtonUpperRightSelected' (0x1452860) of type: BasicImage
15/10/2018 15:16:31 (Std) 	[ImageManager] Created image: 'TaharezLook/TabButtonLowerLeftSelected' (0x1452bd0) of type: BasicImage
15/10/2018 15:16:31 (Std) 	[ImageManager] Created image: 'TaharezLook/TabButtonLowerRightSelected' (0x1452f40) of type: BasicImage
15/10/2018 15:16:31 (Std) 	[ImageManager] Created image: 'TaharezLook/TabButtonMiddleSelected' (0x14532b0) of type: BasicImage
15/10/2018 15:16:31 (Std) 	[ImageManager] Created image: 'TaharezLook/TooltipTopLeft' (0x14534c0) of type: BasicImage
15/10/2018 15:16:31 (Std) 	[ImageManager] Created image: 'TaharezLook/TooltipTopRight' (0x14536d0) of type: BasicImage
15/10/2018 15:16:31 (Std) 	[ImageManager] Created image: 'TaharezLook/TooltipBottomLeft' (0x14538e0) of type: BasicImage
15/10/2018 15:16:31 (Std) 	[ImageManager] Created image: 'TaharezLook/TooltipBottomRight' (0x1453af0) of type: BasicImage
15/10/2018 15:16:31 (Std) 	[ImageManager] Created image: 'TaharezLook/TooltipLeftEdge' (0x1453d00) of type: BasicImage
15/10/2018 15:16:31 (Std) 	[ImageManager] Created image: 'TaharezLook/TooltipRightEdge' (0x1453f10) of type: BasicImage
15/10/2018 15:16:31 (Std) 	[ImageManager] Created image: 'TaharezLook/TooltipTopEdge' (0x1454120) of type: BasicImage
15/10/2018 15:16:31 (Std) 	[ImageManager] Created image: 'TaharezLook/TooltipBottomEdge' (0x1454330) of type: BasicImage
15/10/2018 15:16:31 (Std) 	[ImageManager] Created image: 'TaharezLook/TooltipMiddle' (0x1454540) of type: BasicImage
15/10/2018 15:16:31 (Std) 	[ImageManager] Created image: 'TaharezLook/MenuTopLeft' (0x1454750) of type: BasicImage
15/10/2018 15:16:31 (Std) 	[ImageManager] Created image: 'TaharezLook/MenuTopRight' (0x1454960) of type: BasicImage
15/10/2018 15:16:31 (Std) 	[ImageManager] Created image: 'TaharezLook/MenuBottomLeft' (0x1454b70) of type: BasicImage
15/10/2018 15:16:31 (Std) 	[ImageManager] Created image: 'TaharezLook/MenuBottomRight' (0x1454d80) of type: BasicImage
15/10/2018 15:16:31 (Std) 	[ImageManager] Created image: 'TaharezLook/MenuLeft' (0x1454f90) of type: BasicImage
15/10/2018 15:16:31 (Std) 	[ImageManager] Created image: 'TaharezLook/MenuRight' (0x14551a0) of type: BasicImage
15/10/2018 15:16:31 (Std) 	[ImageManager] Created image: 'TaharezLook/MenuTop' (0x14553b0) of type: BasicImage
15/10/2018 15:16:31 (Std) 	[ImageManager] Created image: 'TaharezLook/MenuBottom' (0x14555c0) of type: BasicImage
15/10/2018 15:16:31 (Std) 	[ImageManager] Created image: 'TaharezLook/MenuMiddle' (0x14557d0) of type: BasicImage
15/10/2018 15:16:31 (Std) 	[ImageManager] Created image: 'TaharezLook/PopupMenuFrameTopLeft' (0x14559e0) of type: BasicImage
15/10/2018 15:16:31 (Std) 	[ImageManager] Created image: 'TaharezLook/PopupMenuFrameTopRight' (0x1455bf0) of type: BasicImage
15/10/2018 15:16:31 (Std) 	[ImageManager] Created image: 'TaharezLook/PopupMenuFrameBottomLeft' (0x1455fe0) of type: BasicImage
15/10/2018 15:16:31 (Std) 	[ImageManager] Created image: 'TaharezLook/PopupMenuFrameBottomRight' (0x1456330) of type: BasicImage
15/10/2018 15:16:31 (Std) 	[ImageManager] Created image: 'TaharezLook/PopupMenuFrameLeft' (0x1456680) of type: BasicImage
15/10/2018 15:16:31 (Std) 	[ImageManager] Created image: 'TaharezLook/PopupMenuFrameRight' (0x1456890) of type: BasicImage
15/10/2018 15:16:31 (Std) 	[ImageManager] Created image: 'TaharezLook/PopupMenuFrameTop' (0x1456aa0) of type: BasicImage
15/10/2018 15:16:31 (Std) 	[ImageManager] Created image: 'TaharezLook/PopupMenuFrameBottom' (0x1456cb0) of type: BasicImage
15/10/2018 15:16:31 (Std) 	[ImageManager] Created image: 'TaharezLook/PopupMenuMiddle' (0x1456ec0) of type: BasicImage
15/10/2018 15:16:31 (Std) 	[ImageManager] Created image: 'TaharezLook/PopupMenuArrowRight' (0x14570d0) of type: BasicImage
15/10/2018 15:16:31 (Std) 	[ImageManager] Created image: 'TaharezLook/PopupMenuArrowLeft' (0x14572e0) of type: BasicImage
15/10/2018 15:16:31 (Std) 	[ImageManager] Created image: 'TaharezLook/TreeListClosed' (0x14574f0) of type: BasicImage
15/10/2018 15:16:31 (Std) 	[ImageManager] Created image: 'TaharezLook/TreeListOpened' (0x1457700) of type: BasicImage
15/10/2018 15:16:31 (Std) 	[ImageManager] Created image: 'TaharezLook/UpArrow' (0x1457910) of type: BasicImage
15/10/2018 15:16:31 (Std) 	===== Falagard 'root' element: look and feel parsing begins =====
15/10/2018 15:16:31 (Std) 	===== Look and feel parsing completed =====
15/10/2018 15:16:31 (Std) 	No window renderer factories specified for module 'CEGUICoreWindowRendererSet' - adding all available factories...
15/10/2018 15:16:31 (Std) 	Created WindowRendererFactory for 'Core/Button' WindowRenderers.
15/10/2018 15:16:31 (Std) 	WindowRendererFactory 'Core/Button' added. (0x16bdc80)
15/10/2018 15:16:31 (Std) 	Created WindowRendererFactory for 'Core/Default' WindowRenderers.
15/10/2018 15:16:31 (Std) 	WindowRendererFactory 'Core/Default' added. (0x16bde20)
15/10/2018 15:16:31 (Std) 	Created WindowRendererFactory for 'Core/Editbox' WindowRenderers.
15/10/2018 15:16:31 (Std) 	WindowRendererFactory 'Core/Editbox' added. (0x16c0ff0)
15/10/2018 15:16:31 (Std) 	Created WindowRendererFactory for 'Core/FrameWindow' WindowRenderers.
15/10/2018 15:16:31 (Std) 	WindowRendererFactory 'Core/FrameWindow' added. (0x1397010)
15/10/2018 15:16:31 (Std) 	Created WindowRendererFactory for 'Core/ItemEntry' WindowRenderers.
15/10/2018 15:16:31 (Std) 	WindowRendererFactory 'Core/ItemEntry' added. (0x13971b0)
15/10/2018 15:16:31 (Std) 	Created WindowRendererFactory for 'Core/ListHeader' WindowRenderers.
15/10/2018 15:16:31 (Std) 	WindowRendererFactory 'Core/ListHeader' added. (0x166f0d0)
15/10/2018 15:16:31 (Std) 	Created WindowRendererFactory for 'Core/ListHeaderSegment' WindowRenderers.
15/10/2018 15:16:31 (Std) 	WindowRendererFactory 'Core/ListHeaderSegment' added. (0x166f270)
15/10/2018 15:16:31 (Std) 	Created WindowRendererFactory for 'Core/Listbox' WindowRenderers.
15/10/2018 15:16:31 (Std) 	WindowRendererFactory 'Core/Listbox' added. (0x166f410)
15/10/2018 15:16:31 (Std) 	Created WindowRendererFactory for 'Core/Menubar' WindowRenderers.
15/10/2018 15:16:31 (Std) 	WindowRendererFactory 'Core/Menubar' added. (0x1632a20)
15/10/2018 15:16:31 (Std) 	Created WindowRendererFactory for 'Core/MenuItem' WindowRenderers.
15/10/2018 15:16:31 (Std) 	WindowRendererFactory 'Core/MenuItem' added. (0x1632bc0)
15/10/2018 15:16:31 (Std) 	Created WindowRendererFactory for 'Core/MultiColumnList' WindowRenderers.
15/10/2018 15:16:31 (Std) 	WindowRendererFactory 'Core/MultiColumnList' added. (0x1632c80)
15/10/2018 15:16:31 (Std) 	Created WindowRendererFactory for 'Core/MultiLineEditbox' WindowRenderers.
15/10/2018 15:16:31 (Std) 	WindowRendererFactory 'Core/MultiLineEditbox' added. (0x14e8070)
15/10/2018 15:16:31 (Std) 	Created WindowRendererFactory for 'Core/PopupMenu' WindowRenderers.
15/10/2018 15:16:31 (Std) 	WindowRendererFactory 'Core/PopupMenu' added. (0x14e8210)
15/10/2018 15:16:31 (Std) 	Created WindowRendererFactory for 'Core/ProgressBar' WindowRenderers.
15/10/2018 15:16:31 (Std) 	WindowRendererFactory 'Core/ProgressBar' added. (0x16d6e90)
15/10/2018 15:16:31 (Std) 	Created WindowRendererFactory for 'Core/ScrollablePane' WindowRenderers.
15/10/2018 15:16:31 (Std) 	WindowRendererFactory 'Core/ScrollablePane' added. (0x16d7030)
15/10/2018 15:16:31 (Std) 	Created WindowRendererFactory for 'Core/Scrollbar' WindowRenderers.
15/10/2018 15:16:31 (Std) 	WindowRendererFactory 'Core/Scrollbar' added. (0x16d71d0)
15/10/2018 15:16:31 (Std) 	Created WindowRendererFactory for 'Core/Slider' WindowRenderers.
15/10/2018 15:16:31 (Std) 	WindowRendererFactory 'Core/Slider' added. (0x16d7370)
15/10/2018 15:16:31 (Std) 	Created WindowRendererFactory for 'Core/Static' WindowRenderers.
15/10/2018 15:16:31 (Std) 	WindowRendererFactory 'Core/Static' added. (0x16d8a40)
15/10/2018 15:16:31 (Std) 	Created WindowRendererFactory for 'Core/StaticImage' WindowRenderers.
15/10/2018 15:16:31 (Std) 	WindowRendererFactory 'Core/StaticImage' added. (0x16d8be0)
15/10/2018 15:16:31 (Std) 	Created WindowRendererFactory for 'Core/StaticText' WindowRenderers.
15/10/2018 15:16:31 (Std) 	WindowRendererFactory 'Core/StaticText' added. (0x16d8d80)
15/10/2018 15:16:31 (Std) 	Created WindowRendererFactory for 'Core/TabButton' WindowRenderers.
15/10/2018 15:16:31 (Std) 	WindowRendererFactory 'Core/TabButton' added. (0x16d8f20)
15/10/2018 15:16:31 (Std) 	Created WindowRendererFactory for 'Core/TabControl' WindowRenderers.
15/10/2018 15:16:31 (Std) 	WindowRendererFactory 'Core/TabControl' added. (0x16d90c0)
15/10/2018 15:16:31 (Std) 	Created WindowRendererFactory for 'Core/Titlebar' WindowRenderers.
15/10/2018 15:16:31 (Std) 	WindowRendererFactory 'Core/Titlebar' added. (0x16d9180)
15/10/2018 15:16:31 (Std) 	Created WindowRendererFactory for 'Core/ToggleButton' WindowRenderers.
15/10/2018 15:16:31 (Std) 	WindowRendererFactory 'Core/ToggleButton' added. (0x1394840)
15/10/2018 15:16:31 (Std) 	Created WindowRendererFactory for 'Core/Tooltip' WindowRenderers.
15/10/2018 15:16:31 (Std) 	WindowRendererFactory 'Core/Tooltip' added. (0x13949e0)
15/10/2018 15:16:31 (Std) 	Created WindowRendererFactory for 'Core/ItemListbox' WindowRenderers.
15/10/2018 15:16:31 (Std) 	WindowRendererFactory 'Core/ItemListbox' added. (0x1394b80)
15/10/2018 15:16:31 (Std) 	Created WindowRendererFactory for 'Core/Tree' WindowRenderers.
15/10/2018 15:16:31 (Std) 	WindowRendererFactory 'Core/Tree' added. (0x1394d20)
15/10/2018 15:16:31 (Std) 	Creating falagard mapping for type 'TaharezLook/Label' using base type 'DefaultWindow', window renderer 'Core/Default' Look'N'Feel 'TaharezLook/Label' and RenderEffect ''. (0x7fff0bb2e2a0)
15/10/2018 15:16:31 (Std) 	Creating falagard mapping for type 'TaharezLook/Button' using base type 'CEGUI/PushButton', window renderer 'Core/Button' Look'N'Feel 'TaharezLook/Button' and RenderEffect ''. (0x7fff0bb2e2a0)
15/10/2018 15:16:31 (Std) 	Creating falagard mapping for type 'TaharezLook/Checkbox' using base type 'CEGUI/ToggleButton', window renderer 'Core/ToggleButton' Look'N'Feel 'TaharezLook/Checkbox' and RenderEffect ''. (0x7fff0bb2e2a0)
15/10/2018 15:16:31 (Std) 	Creating falagard mapping for type 'TaharezLook/ImageButton' using base type 'CEGUI/PushButton', window renderer 'Core/Button' Look'N'Feel 'TaharezLook/ImageButton' and RenderEffect ''. (0x7fff0bb2e2a0)
15/10/2018 15:16:31 (Std) 	Creating falagard mapping for type 'TaharezLook/RadioButton' using base type 'CEGUI/RadioButton', window renderer 'Core/ToggleButton' Look'N'Feel 'TaharezLook/RadioButton' and RenderEffect ''. (0x7fff0bb2e2a0)
15/10/2018 15:16:31 (Std) 	Creating falagard mapping for type 'TaharezLook/FrameWindow' using base type 'CEGUI/FrameWindow', window renderer 'Core/FrameWindow' Look'N'Feel 'TaharezLook/FrameWindow' and RenderEffect ''. (0x7fff0bb2e2a0)
15/10/2018 15:16:31 (Std) 	Creating falagard mapping for type 'TaharezLook/Titlebar' using base type 'CEGUI/Titlebar', window renderer 'Core/Titlebar' Look'N'Feel 'TaharezLook/Titlebar' and RenderEffect ''. (0x7fff0bb2e2a0)
15/10/2018 15:16:31 (Std) 	Creating falagard mapping for type 'TaharezLook/Editbox' using base type 'CEGUI/Editbox', window renderer 'Core/Editbox' Look'N'Feel 'TaharezLook/Editbox' and RenderEffect ''. (0x7fff0bb2e2a0)
15/10/2018 15:16:31 (Std) 	Creating falagard mapping for type 'TaharezLook/MultiLineEditbox' using base type 'CEGUI/MultiLineEditbox', window renderer 'Core/MultiLineEditbox' Look'N'Feel 'TaharezLook/MultiLineEditbox' and RenderEffect ''. (0x7fff0bb2e2a0)
15/10/2018 15:16:31 (Std) 	Creating falagard mapping for type 'TaharezLook/Menubar' using base type 'CEGUI/Menubar', window renderer 'Core/Menubar' Look'N'Feel 'TaharezLook/Menubar' and RenderEffect ''. (0x7fff0bb2e2a0)
15/10/2018 15:16:31 (Std) 	Creating falagard mapping for type 'TaharezLook/PopupMenu' using base type 'CEGUI/PopupMenu', window renderer 'Core/PopupMenu' Look'N'Feel 'TaharezLook/PopupMenu' and RenderEffect ''. (0x7fff0bb2e2a0)
15/10/2018 15:16:31 (Std) 	Creating falagard mapping for type 'TaharezLook/MenuItem' using base type 'CEGUI/MenuItem', window renderer 'Core/MenuItem' Look'N'Feel 'TaharezLook/MenuItem' and RenderEffect ''. (0x7fff0bb2e2a0)
15/10/2018 15:16:31 (Std) 	Creating falagard mapping for type 'TaharezLook/AlternateProgressBar' using base type 'CEGUI/ProgressBar', window renderer 'Core/ProgressBar' Look'N'Feel 'TaharezLook/AltProgressBar' and RenderEffect ''. (0x7fff0bb2e2a0)
15/10/2018 15:16:31 (Std) 	Creating falagard mapping for type 'TaharezLook/ProgressBar' using base type 'CEGUI/ProgressBar', window renderer 'Core/ProgressBar' Look'N'Feel 'TaharezLook/ProgressBar' and RenderEffect ''. (0x7fff0bb2e2a0)
15/10/2018 15:16:31 (Std) 	Creating falagard mapping for type 'TaharezLook/VUMeter' using base type 'CEGUI/ProgressBar', window renderer 'Core/ProgressBar' Look'N'Feel 'TaharezLook/VUMeter' and RenderEffect ''. (0x7fff0bb2e2a0)
15/10/2018 15:16:31 (Std) 	Creating falagard mapping for type 'TaharezLook/VerticalScrollbar' using base type 'CEGUI/Scrollbar', window renderer 'Core/Scrollbar' Look'N'Feel 'TaharezLook/VerticalScrollbar' and RenderEffect ''. (0x7fff0bb2e2a0)
15/10/2018 15:16:31 (Std) 	Creating falagard mapping for type 'TaharezLook/HorizontalScrollbar' using base type 'CEGUI/Scrollbar', window renderer 'Core/Scrollbar' Look'N'Feel 'TaharezLook/HorizontalScrollbar' and RenderEffect ''. (0x7fff0bb2e2a0)
15/10/2018 15:16:31 (Std) 	Creating falagard mapping for type 'TaharezLook/VerticalScrollbarThumb' using base type 'CEGUI/Thumb', window renderer 'Core/Button' Look'N'Feel 'TaharezLook/VerticalScrollbarThumb' and RenderEffect ''. (0x7fff0bb2e2a0)
15/10/2018 15:16:31 (Std) 	Creating falagard mapping for type 'TaharezLook/HorizontalScrollbarThumb' using base type 'CEGUI/Thumb', window renderer 'Core/Button' Look'N'Feel 'TaharezLook/HorizontalScrollbarThumb' and RenderEffect ''. (0x7fff0bb2e2a0)
15/10/2018 15:16:31 (Std) 	Creating falagard mapping for type 'TaharezLook/LargeVerticalScrollbar' using base type 'CEGUI/Scrollbar', window renderer 'Core/Scrollbar' Look'N'Feel 'TaharezLook/LargeVerticalScrollbar' and RenderEffect ''. (0x7fff0bb2e2a0)
15/10/2018 15:16:31 (Std) 	Creating falagard mapping for type 'TaharezLook/LargeVerticalScrollbarThumb' using base type 'CEGUI/Thumb', window renderer 'Core/Button' Look'N'Feel 'TaharezLook/LargeVerticalScrollbarThumb' and RenderEffect ''. (0x7fff0bb2e2a0)
15/10/2018 15:16:31 (Std) 	Creating falagard mapping for type 'TaharezLook/TabButton' using base type 'CEGUI/TabButton', window renderer 'Core/TabButton' Look'N'Feel 'TaharezLook/TabButton' and RenderEffect ''. (0x7fff0bb2e2a0)
15/10/2018 15:16:31 (Std) 	Creating falagard mapping for type 'TaharezLook/TabControl' using base type 'CEGUI/TabControl', window renderer 'Core/TabControl' Look'N'Feel 'TaharezLook/TabControl' and RenderEffect ''. (0x7fff0bb2e2a0)
15/10/2018 15:16:31 (Std) 	Creating falagard mapping for type 'TaharezLook/TabContentPane' using base type 'DefaultWindow', window renderer 'Core/Default' Look'N'Feel 'TaharezLook/TabContentPane' and RenderEffect ''. (0x7fff0bb2e2a0)
15/10/2018 15:16:31 (Std) 	Creating falagard mapping for type 'TaharezLook/TabButtonPane' using base type 'DefaultWindow', window renderer 'Core/Default' Look'N'Feel 'TaharezLook/TabButtonPane' and RenderEffect ''. (0x7fff0bb2e2a0)
15/10/2018 15:16:31 (Std) 	Creating falagard mapping for type 'TaharezLook/ComboDropList' using base type 'CEGUI/ComboDropList', window renderer 'Core/Listbox' Look'N'Feel 'TaharezLook/ComboDropList' and RenderEffect ''. (0x7fff0bb2e2a0)
15/10/2018 15:16:31 (Std) 	Creating falagard mapping for type 'TaharezLook/ComboEditbox' using base type 'CEGUI/Editbox', window renderer 'Core/Editbox' Look'N'Feel 'TaharezLook/ComboEditbox' and RenderEffect ''. (0x7fff0bb2e2a0)
15/10/2018 15:16:31 (Std) 	Creating falagard mapping for type 'TaharezLook/Combobox' using base type 'CEGUI/Combobox', window renderer 'Core/Default' Look'N'Feel 'TaharezLook/Combobox' and RenderEffect ''. (0x7fff0bb2e2a0)
15/10/2018 15:16:31 (Std) 	Creating falagard mapping for type 'TaharezLook/Listbox' using base type 'CEGUI/Listbox', window renderer 'Core/Listbox' Look'N'Feel 'TaharezLook/Listbox' and RenderEffect ''. (0x7fff0bb2e2a0)
15/10/2018 15:16:31 (Std) 	Creating falagard mapping for type 'TaharezLook/ListHeader' using base type 'CEGUI/ListHeader', window renderer 'Core/ListHeader' Look'N'Feel 'TaharezLook/ListHeader' and RenderEffect ''. (0x7fff0bb2e2a0)
15/10/2018 15:16:31 (Std) 	Creating falagard mapping for type 'TaharezLook/ListHeaderSegment' using base type 'CEGUI/ListHeaderSegment', window renderer 'Core/ListHeaderSegment' Look'N'Feel 'TaharezLook/ListHeaderSegment' and RenderEffect ''. (0x7fff0bb2e2a0)
15/10/2018 15:16:31 (Std) 	Creating falagard mapping for type 'TaharezLook/MultiColumnList' using base type 'CEGUI/MultiColumnList', window renderer 'Core/MultiColumnList' Look'N'Feel 'TaharezLook/MultiColumnList' and RenderEffect ''. (0x7fff0bb2e2a0)
15/10/2018 15:16:31 (Std) 	Creating falagard mapping for type 'TaharezLook/Slider' using base type 'CEGUI/Slider', window renderer 'Core/Slider' Look'N'Feel 'TaharezLook/Slider' and RenderEffect ''. (0x7fff0bb2e2a0)
15/10/2018 15:16:31 (Std) 	Creating falagard mapping for type 'TaharezLook/SliderThumb' using base type 'CEGUI/Thumb', window renderer 'Core/Button' Look'N'Feel 'TaharezLook/SliderThumb' and RenderEffect ''. (0x7fff0bb2e2a0)
15/10/2018 15:16:31 (Std) 	Creating falagard mapping for type 'TaharezLook/ScrollablePane' using base type 'CEGUI/ScrollablePane', window renderer 'Core/ScrollablePane' Look'N'Feel 'TaharezLook/ScrollablePane' and RenderEffect ''. (0x7fff0bb2e2a0)
15/10/2018 15:16:31 (Std) 	Creating falagard mapping for type 'TaharezLook/Spinner' using base type 'CEGUI/Spinner', window renderer 'Core/Default' Look'N'Feel 'TaharezLook/Spinner' and RenderEffect ''. (0x7fff0bb2e2a0)
15/10/2018 15:16:31 (Std) 	Creating falagard mapping for type 'TaharezLook/Tooltip' using base type 'CEGUI/Tooltip', window renderer 'Core/Tooltip' Look'N'Feel 'TaharezLook/Tooltip' and RenderEffect ''. (0x7fff0bb2e2a0)
15/10/2018 15:16:31 (Std) 	Creating falagard mapping for type 'TaharezLook/StaticImage' using base type 'DefaultWindow', window renderer 'Core/StaticImage' Look'N'Feel 'TaharezLook/StaticImage' and RenderEffect ''. (0x7fff0bb2e2a0)
15/10/2018 15:16:31 (Std) 	Creating falagard mapping for type 'TaharezLook/StaticText' using base type 'DefaultWindow', window renderer 'Core/StaticText' Look'N'Feel 'TaharezLook/StaticText' and RenderEffect ''. (0x7fff0bb2e2a0)
15/10/2018 15:16:31 (Std) 	Creating falagard mapping for type 'TaharezLook/ItemListbox' using base type 'CEGUI/ItemListbox', window renderer 'Core/ItemListbox' Look'N'Feel 'TaharezLook/ItemListbox' and RenderEffect ''. (0x7fff0bb2e2a0)
15/10/2018 15:16:31 (Std) 	Creating falagard mapping for type 'TaharezLook/ListboxItem' using base type 'CEGUI/ItemEntry', window renderer 'Core/ItemEntry' Look'N'Feel 'TaharezLook/ListboxItem' and RenderEffect ''. (0x7fff0bb2e2a0)
15/10/2018 15:16:31 (Std) 	Creating falagard mapping for type 'TaharezLook/GroupBox' using base type 'DefaultWindow', window renderer 'Core/Default' Look'N'Feel 'TaharezLook/GroupBox' and RenderEffect ''. (0x7fff0bb2e2a0)
15/10/2018 15:16:31 (Std) 	Creating falagard mapping for type 'TaharezLook/Tree' using base type 'CEGUI/Tree', window renderer 'Core/Tree' Look'N'Feel 'TaharezLook/Tree' and RenderEffect ''. (0x7fff0bb2e2a0)
15/10/2018 15:16:31 (Std) 	[OgreRenderer] Created texture: DejaVuSans-12_auto_glyph_images_32
15/10/2018 15:16:31 (Std) 	[OgreRenderer] Created texture: DejaVuSans-12_auto_glyph_images_249
